<?xml version="1.0" encoding="UTF-8"?>
<!-- Generated by org.testng.reporters.JUnitXMLReporter -->
<testsuite ignored="2" hostname="DESKTOP-UOSJI6I" failures="0" tests="1" name="Default test" time="4.345" errors="0" timestamp="2022-05-27T10:40:02 IST">
  <testcase classname="jsonPaths.InlineAssertionWithRestAssured" name="inlineAssertionEg2" time="4.301"/>
  <testcase classname="jsonPaths.InlineAssertionWithRestAssured" name="inlineAssertionEg" time="0.0">
    <ignored/>
  </testcase> <!-- inlineAssertionEg -->
  <testcase classname="jsonPaths.InlineAssertionWithRestAssured" name="withoutInlineAssertionEg" time="0.0">
    <ignored/>
  </testcase> <!-- withoutInlineAssertionEg -->
</testsuite> <!-- Default test -->
