<?xml version="1.0" encoding="UTF-8"?>
<!-- Generated by org.testng.reporters.JUnitXMLReporter -->
<testsuite ignored="1" hostname="DESKTOP-UOSJI6I" failures="0" tests="1" name="Default test" time="4.413" errors="0" timestamp="2022-07-04T12:23:13 IST">
  <testcase classname="mockApi.HandlingDynamicJsonResponse" name="handlingDynamicResponseUsingInstanceOf" time="4.322"/>
  <testcase classname="mockApi.HandlingDynamicJsonResponse" name="dynamicResponseHandling" time="0.0">
    <ignored/>
  </testcase> <!-- dynamicResponseHandling -->
</testsuite> <!-- Default test -->
