<?xml version="1.0" encoding="UTF-8"?>
<!-- Generated by org.testng.reporters.JUnitXMLReporter -->
<testsuite ignored="0" hostname="DESKTOP-UOSJI6I" failures="0" tests="4" name="Test" time="6.055" errors="0" timestamp="2022-05-27T12:05:34 IST">
  <testcase classname="datashare.TestModuleTwoWithThreadLocalMap" name="createBooking" time="4.534"/>
  <testcase classname="datashare.TestModuleOneWithThreadLocalMap" name="createBooking" time="4.535"/>
  <testcase classname="datashare.TestModuleTwoWithThreadLocalMap" name="retreiveBookingId" time="1.384"/>
  <testcase classname="datashare.TestModuleOneWithThreadLocalMap" name="retreiveBookingId" time="1.409"/>
</testsuite> <!-- Test -->
